{
  "RSpec": {
    "coverage": {
      "/Users/aaa/Documents/GitHub/crypto-expert/init.rb": {
        "lines": [
          null,
          null,
          1,
          2,
          null
        ]
      },
      "/Users/aaa/Documents/GitHub/crypto-expert/config/init.rb": {
        "lines": [
          null,
          null,
          1
        ]
      },
      "/Users/aaa/Documents/GitHub/crypto-expert/config/environment.rb": {
        "lines": [
          null,
          null,
          1,
          1,
          1,
          1,
          null,
          1,
          null,
          1,
          1,
          null,
          null,
          1,
          null,
          1,
          null,
          null,
          null,
          1,
          1,
          null,
          1,
          1,
          null,
          null,
          1,
          1,
          null,
          null,
          null
        ]
      },
      "/Users/aaa/Documents/GitHub/crypto-expert/app/init.rb": {
        "lines": [
          null,
          null,
          1,
          3,
          null
        ]
      },
      "/Users/aaa/Documents/GitHub/crypto-expert/app/domain/init.rb": {
        "lines": [
          null,
          null,
          1,
          1,
          1,
          null
        ]
      },
      "/Users/aaa/Documents/GitHub/crypto-expert/app/domain/currencypair/init.rb": {
        "lines": [
          null,
          null,
          1,
          null,
          4,
          8,
          null,
          null
        ]
      },
      "/Users/aaa/Documents/GitHub/crypto-expert/app/domain/currencypair/entities/majorpair.rb": {
        "lines": [
          null,
          null,
          1,
          1,
          1,
          null,
          1,
          null,
          1,
          1,
          null,
          1,
          1,
          1,
          1,
          1,
          1,
          1,
          null,
          1,
          0,
          null,
          null,
          null,
          null
        ]
      },
      "/Users/aaa/Documents/GitHub/crypto-expert/app/domain/currencypair/entities/minipair.rb": {
        "lines": [
          null,
          null,
          1,
          1,
          1,
          null,
          1,
          null,
          1,
          1,
          null,
          1,
          1,
          1,
          null,
          1,
          0,
          null,
          null,
          null,
          null
        ]
      },
      "/Users/aaa/Documents/GitHub/crypto-expert/app/domain/currencypair/mappers/majorpair_mapper.rb": {
        "lines": [
          null,
          null,
          1,
          1,
          null,
          1,
          1,
          9,
          9,
          9,
          null,
          null,
          1,
          9,
          9,
          9,
          9,
          9,
          8,
          8,
          null,
          null,
          1,
          8,
          null,
          null,
          null,
          1,
          1,
          8,
          null,
          1,
          8,
          null,
          null,
          null,
          null,
          null,
          null,
          null,
          null,
          null,
          1,
          null,
          1,
          8,
          null,
          null,
          1,
          8,
          8,
          null,
          null,
          1,
          8,
          null,
          null,
          1,
          8,
          null,
          null,
          1,
          8,
          null,
          null,
          1,
          8,
          null,
          null,
          1,
          8,
          null,
          null,
          null,
          null,
          null
        ]
      },
      "/Users/aaa/Documents/GitHub/crypto-expert/app/domain/currencypair/mappers/minipair_mapper.rb": {
        "lines": [
          null,
          null,
          1,
          1,
          null,
          1,
          1,
          6,
          6,
          6,
          null,
          null,
          1,
          6,
          6,
          6,
          5,
          null,
          null,
          1,
          5,
          null,
          null,
          null,
          1,
          1,
          5,
          null,
          1,
          5,
          null,
          null,
          null,
          null,
          null,
          1,
          null,
          1,
          5,
          null,
          null,
          1,
          5,
          5,
          null,
          null,
          1,
          5,
          null,
          null,
          null,
          null,
          null,
          null
        ]
      },
      "/Users/aaa/Documents/GitHub/crypto-expert/app/domain/currencypair/repositories/for.rb": {
        "lines": [
          null,
          null,
          1,
          1,
          null,
          1,
          1,
          null,
          1,
          null,
          1,
          null,
          null,
          null,
          1,
          0,
          null,
          null,
          1,
          0,
          null,
          null,
          null,
          null
        ]
      },
      "/Users/aaa/Documents/GitHub/crypto-expert/app/domain/currencypair/repositories/majorpairs.rb": {
        "lines": [
          null,
          null,
          1,
          1,
          null,
          1,
          1,
          0,
          null,
          null,
          1,
          0,
          null,
          null,
          1,
          0,
          null,
          0,
          null,
          null,
          null,
          null,
          null,
          null,
          null,
          null,
          null,
          null,
          1,
          0,
          null,
          null,
          null,
          null
        ]
      },
      "/Users/aaa/Documents/GitHub/crypto-expert/app/domain/currencypair/repositories/minipairs.rb": {
        "lines": [
          null,
          null,
          1,
          1,
          null,
          1,
          1,
          0,
          null,
          null,
          1,
          0,
          null,
          null,
          1,
          0,
          null,
          0,
          null,
          null,
          null,
          null,
          null,
          null,
          1,
          0,
          null,
          null,
          null,
          null
        ]
      },
      "/Users/aaa/Documents/GitHub/crypto-expert/app/domain/currencypair/repositories/init.rb": {
        "lines": [
          null,
          null,
          1,
          4,
          null
        ]
      },
      "/Users/aaa/Documents/GitHub/crypto-expert/app/infrastructure/init.rb": {
        "lines": [
          null,
          null,
          1,
          1,
          2,
          null
        ]
      },
      "/Users/aaa/Documents/GitHub/crypto-expert/app/infrastructure/gateways/init.rb": {
        "lines": [
          null,
          null,
          1,
          3,
          null
        ]
      },
      "/Users/aaa/Documents/GitHub/crypto-expert/app/infrastructure/gateways/binance_api.rb": {
        "lines": [
          null,
          null,
          1,
          null,
          1,
          null,
          1,
          null,
          1,
          1,
          1,
          1,
          1,
          1,
          null,
          1,
          15,
          null,
          null,
          null,
          1,
          0,
          null,
          null,
          1,
          15,
          null,
          null,
          null,
          1,
          0,
          null,
          null,
          1,
          8,
          null,
          null,
          1,
          9,
          null,
          null,
          1,
          9,
          null,
          null,
          1,
          9,
          null,
          null,
          null,
          1,
          0,
          null,
          null,
          1,
          0,
          null,
          null,
          null,
          null
        ]
      },
      "/Users/aaa/Documents/GitHub/crypto-expert/app/infrastructure/gateways/http_api.rb": {
        "lines": [
          null,
          null,
          1,
          1,
          1,
          null,
          1,
          1,
          1,
          1,
          null,
          null,
          1,
          null,
          null,
          null,
          null,
          1,
          50,
          null,
          null,
          1,
          2,
          null,
          null,
          null,
          null,
          1,
          1,
          50,
          50,
          null,
          null,
          1,
          50,
          35,
          null,
          null,
          15,
          null,
          50,
          50,
          null,
          null,
          null,
          null,
          null
        ]
      },
      "/Users/aaa/Documents/GitHub/crypto-expert/app/infrastructure/database/init.rb": {
        "lines": [
          null,
          null,
          1,
          1,
          1,
          null
        ]
      },
      "/Users/aaa/Documents/GitHub/crypto-expert/app/infrastructure/database/orms/init.rb": {
        "lines": [
          null,
          null,
          1,
          3,
          null
        ]
      },
      "/Users/aaa/Documents/GitHub/crypto-expert/app/infrastructure/database/orms/majorpair_orm.rb": {
        "lines": [
          null,
          null,
          1,
          null,
          1,
          1,
          null,
          1,
          null,
          1,
          null,
          1,
          0,
          null,
          null,
          null,
          null
        ]
      },
      "/Users/aaa/Documents/GitHub/crypto-expert/app/infrastructure/database/orms/minipair_orm.rb": {
        "lines": [
          null,
          null,
          1,
          null,
          1,
          1,
          null,
          1,
          null,
          1,
          null,
          1,
          0,
          null,
          null,
          null,
          null,
          null
        ]
      },
      "/Users/aaa/Documents/GitHub/crypto-expert/app/controllers/init.rb": {
        "lines": [
          null,
          null,
          1,
          2,
          null
        ]
      },
      "/Users/aaa/Documents/GitHub/crypto-expert/app/controllers/app.rb": {
        "lines": [
          null,
          null,
          1,
          1,
          null,
          1,
          null,
          1,
          1,
          1,
          1,
          null,
          1,
          0,
          null,
          null,
          0,
          0,
          null,
          0,
          null,
          null,
          0,
          0,
          null,
          0,
          0,
          null,
          0,
          null,
          null,
          null,
          null,
          0,
          null,
          null,
          0,
          null,
          null,
          null,
          0,
          null,
          0,
          0,
          null,
          0,
          null,
          null,
          null,
          null,
          null,
          null
        ]
      },
      "/Users/aaa/Documents/GitHub/crypto-expert/spec/helpers/vcr_helper.rb": {
        "lines": [
          null,
          null,
          1,
          1,
          null,
          null,
          1,
          1,
          1,
          null,
          1,
          1,
          1,
          1,
          null,
          null,
          null,
          1,
          null,
          13,
          null,
          null,
          null,
          null,
          1,
          13,
          null,
          null
        ]
      }
    },
    "timestamp": 1636875729
  }
}
