{
  "RSpec": {
    "coverage": {
      "/Users/aaa/Documents/GitHub/crypto-expert/init.rb": {
        "lines": [
          1
        ]
      },
      "/Users/aaa/Documents/GitHub/crypto-expert/app/models/init.rb": {
        "lines": [
          null,
          null,
          1,
          null,
          3,
          9,
          null,
          null
        ]
      },
      "/Users/aaa/Documents/GitHub/crypto-expert/app/models/entities/exchangeinfo.rb": {
        "lines": [
          null,
          null,
          1,
          1,
          1,
          null,
          1,
          null,
          1,
          1,
          null,
          1,
          1,
          1,
          null,
          null,
          null
        ]
      },
      "/Users/aaa/Documents/GitHub/crypto-expert/app/models/entities/futurepair.rb": {
        "lines": [
          null,
          null,
          1,
          1,
          1,
          null,
          1,
          null,
          1,
          1,
          null,
          1,
          1,
          1,
          null,
          null,
          null,
          null,
          null,
          null,
          null,
          null,
          null,
          null,
          null,
          null
        ]
      },
      "/Users/aaa/Documents/GitHub/crypto-expert/app/models/entities/spotpair.rb": {
        "lines": [
          null,
          null,
          1,
          1,
          1,
          null,
          1,
          null,
          1,
          1,
          null,
          1,
          1,
          null,
          null,
          null,
          null,
          null,
          null,
          null,
          null,
          null,
          null,
          null,
          null,
          null,
          null
        ]
      },
      "/Users/aaa/Documents/GitHub/crypto-expert/app/models/gateways/binance_api.rb": {
        "lines": [
          null,
          null,
          1,
          null,
          1,
          null,
          1,
          null,
          1,
          1,
          1,
          1,
          1,
          null,
          1,
          13,
          null,
          null,
          null,
          1,
          5,
          null,
          null,
          null,
          1,
          5,
          null,
          null,
          null,
          1,
          3,
          null,
          null,
          null,
          1,
          3,
          null,
          null,
          null,
          null
        ]
      },
      "/Users/aaa/Documents/GitHub/crypto-expert/app/models/gateways/http_api.rb": {
        "lines": [
          null,
          null,
          1,
          1,
          1,
          null,
          1,
          1,
          1,
          1,
          null,
          null,
          1,
          null,
          null,
          null,
          null,
          1,
          16,
          null,
          null,
          1,
          2,
          null,
          null,
          null,
          null,
          1,
          1,
          16,
          16,
          null,
          null,
          1,
          16,
          8,
          null,
          null,
          8,
          null,
          16,
          16,
          null,
          null,
          null,
          null,
          null
        ]
      },
      "/Users/aaa/Documents/GitHub/crypto-expert/app/models/mappers/exchange_mapper.rb": {
        "lines": [
          null,
          null,
          1,
          1,
          null,
          1,
          1,
          3,
          3,
          3,
          null,
          null,
          1,
          3,
          3,
          3,
          null,
          null,
          1,
          3,
          null,
          null,
          null,
          1,
          1,
          3,
          3,
          null,
          null,
          1,
          3,
          null,
          null,
          null,
          null,
          null,
          null,
          1,
          null,
          1,
          5172,
          null,
          null,
          1,
          3,
          null,
          null,
          1,
          3,
          303,
          3,
          null,
          null,
          null,
          null,
          null
        ]
      },
      "/Users/aaa/Documents/GitHub/crypto-expert/app/models/mappers/futurepair_mapper.rb": {
        "lines": [
          null,
          null,
          1,
          1,
          null,
          1,
          1,
          5,
          5,
          5,
          null,
          null,
          1,
          5,
          4,
          null,
          null,
          null,
          null,
          null,
          null,
          1,
          4,
          null,
          null,
          null,
          1,
          1,
          4,
          null,
          null,
          1,
          4,
          null,
          null,
          null,
          null,
          null,
          null,
          1,
          null,
          1,
          4,
          null,
          null,
          1,
          4,
          null,
          null,
          1,
          4,
          null,
          null,
          null,
          null,
          null
        ]
      },
      "/Users/aaa/Documents/GitHub/crypto-expert/app/models/mappers/info_api.rb": {
        "lines": [
          null,
          null,
          null,
          null,
          1,
          null,
          1,
          1,
          0,
          null,
          null,
          null,
          null,
          1,
          0,
          null,
          null,
          null
        ]
      },
      "/Users/aaa/Documents/GitHub/crypto-expert/app/models/mappers/spotpair_mapper.rb": {
        "lines": [
          null,
          null,
          1,
          1,
          null,
          1,
          1,
          5,
          5,
          5,
          null,
          null,
          1,
          5,
          4,
          null,
          null,
          null,
          null,
          null,
          null,
          1,
          4,
          null,
          null,
          null,
          1,
          1,
          4,
          null,
          null,
          1,
          4,
          null,
          null,
          null,
          null,
          null,
          1,
          null,
          1,
          4,
          null,
          null,
          1,
          4,
          null,
          null,
          null,
          null,
          null
        ]
      }
    },
    "timestamp": 1635527038
  }
}
